[2025-11-18 14:07:47.973] [8829] [HailoRT] [info] [vdevice.cpp:535] [create] Creating vdevice with params: device_count: 1, scheduling_algorithm: ROUND_ROBIN, multi_process_service: false
[2025-11-18 14:07:47.986] [8829] [HailoRT] [info] [device.cpp:51] [Device] OS Version: Linux 6.12.47+rpt-rpi-2712 #1 SMP PREEMPT Debian 1:6.12.47-1+rpt1~bookworm (2025-09-16) aarch64
[2025-11-18 14:07:47.986] [8829] [HailoRT] [info] [control.cpp:113] [control__parse_identify_results] firmware_version is: 4.23.0
[2025-11-18 14:07:47.986] [8829] [HailoRT] [info] [vdevice.cpp:682] [create] VDevice Infos: 0001:01:00.0
[2025-11-18 14:07:48.089] [8829] [HailoRT] [info] [hef.cpp:1994] [get_network_group_and_network_name] No name was given. Addressing all networks of default network_group: yolov5m-seg
[2025-11-18 14:07:48.089] [8829] [HailoRT] [info] [hef.cpp:1994] [get_network_group_and_network_name] No name was given. Addressing all networks of default network_group: yolov5m-seg
[2025-11-18 14:07:48.089] [8829] [HailoRT] [info] [hef.cpp:1994] [get_network_group_and_network_name] No name was given. Addressing all networks of default network_group: yolov5m-seg
[2025-11-18 14:07:48.096] [8829] [HailoRT] [info] [internal_buffer_manager.cpp:77] [print_execution_results] Planned internal buffer memory: CMA=0 CMA-Desc=393216 Pinned=2952192. memory to edge layer usage factor is 1
[2025-11-18 14:07:48.096] [8829] [HailoRT] [info] [internal_buffer_manager.cpp:86] [print_execution_results] Default Internal buffer planner executed successfully
[2025-11-18 14:07:48.121] [8829] [HailoRT] [info] [device_internal.cpp:57] [configure] Configuring HEF took 32.415172 milliseconds
[2025-11-18 14:07:48.122] [8829] [HailoRT] [info] [vdevice.cpp:780] [configure] Configuring HEF on VDevice took 32.743487 milliseconds
[2025-11-18 14:07:48.122] [8829] [HailoRT] [info] [infer_model.cpp:417] [configure] Configuring network group 'yolov5m-seg' with params: batch size: 1, power mode: PERFORMANCE, latency: NONE
[2025-11-18 14:07:48.122] [8829] [HailoRT] [info] [multi_io_elements.cpp:754] [create] Created (AsyncHwEl)
[2025-11-18 14:07:48.122] [8829] [HailoRT] [info] [queue_elements.cpp:450] [create] Created (EntryPushQEl0yolov5m-seg/input_layer1 | timeout: 10s)
[2025-11-18 14:07:48.122] [8829] [HailoRT] [info] [filter_elements.cpp:101] [create] Created (PreInferEl2yolov5m-seg/input_layer1 | Reorder - src_order: NHWC, src_shape: (640, 640, 3), dst_order: NHCW, dst_shape: (640, 640, 3))
[2025-11-18 14:07:48.122] [8829] [HailoRT] [info] [queue_elements.cpp:450] [create] Created (PushQEl2yolov5m-seg/input_layer1 | timeout: 10s)
[2025-11-18 14:07:48.122] [8829] [HailoRT] [info] [multi_io_elements.cpp:135] [create] Created (NmsPPMuxEl0YOLOv5Seg-Post-Process | Op YOLOV5SEG, Name: YOLOv5Seg-Post-Process, Score threshold: 0.300, IoU threshold: 0.30, Classes: 80, Max bboxes total: 8000, Image height: 640, Image width: 640, Mask threshold: 0.50)
[2025-11-18 14:07:48.122] [8829] [HailoRT] [info] [queue_elements.cpp:942] [create] Created (MultiPushQEl0YOLOv5Seg-Post-Process | timeout: 10s)
[2025-11-18 14:07:48.122] [8829] [HailoRT] [info] [edge_elements.cpp:187] [create] Created (LastAsyncEl0NmsPPMuxEl0YOLOv5Seg-Post-Process)
[2025-11-18 14:07:48.122] [8829] [HailoRT] [info] [pipeline.cpp:891] [print_deep_description] EntryPushQEl0yolov5m-seg/input_layer1 | inputs: user | outputs: PreInferEl2yolov5m-seg/input_layer1(running in thread_id: 8836)
[2025-11-18 14:07:48.122] [8829] [HailoRT] [info] [pipeline.cpp:891] [print_deep_description] PreInferEl2yolov5m-seg/input_layer1 | inputs: EntryPushQEl0yolov5m-seg/input_layer1[0] | outputs: PushQEl2yolov5m-seg/input_layer1
[2025-11-18 14:07:48.122] [8829] [HailoRT] [info] [pipeline.cpp:891] [print_deep_description] PushQEl2yolov5m-seg/input_layer1 | inputs: PreInferEl2yolov5m-seg/input_layer1[0] | outputs: AsyncHwEl(running in thread_id: 8837)
[2025-11-18 14:07:48.122] [8829] [HailoRT] [info] [pipeline.cpp:891] [print_deep_description] AsyncHwEl | inputs: PushQEl2yolov5m-seg/input_layer1[0] | outputs: MultiPushQEl0YOLOv5Seg-Post-Process MultiPushQEl0YOLOv5Seg-Post-Process MultiPushQEl0YOLOv5Seg-Post-Process MultiPushQEl0YOLOv5Seg-Post-Process
[2025-11-18 14:07:48.122] [8829] [HailoRT] [info] [pipeline.cpp:891] [print_deep_description] MultiPushQEl0YOLOv5Seg-Post-Process | inputs: AsyncHwEl[0] AsyncHwEl[1] AsyncHwEl[2] AsyncHwEl[3] | outputs: NmsPPMuxEl0YOLOv5Seg-Post-Process(running in thread_id: 8838)
[2025-11-18 14:07:48.122] [8829] [HailoRT] [info] [pipeline.cpp:891] [print_deep_description] NmsPPMuxEl0YOLOv5Seg-Post-Process | inputs: MultiPushQEl0YOLOv5Seg-Post-Process[0] | outputs: LastAsyncEl0NmsPPMuxEl0YOLOv5Seg-Post-Process
[2025-11-18 14:07:48.122] [8829] [HailoRT] [info] [pipeline.cpp:891] [print_deep_description] LastAsyncEl0NmsPPMuxEl0YOLOv5Seg-Post-Process | inputs: NmsPPMuxEl0YOLOv5Seg-Post-Process[0] | outputs: user
[2025-11-18 14:07:48.195] [8829] [HailoRT] [info] [hef.cpp:1994] [get_network_group_and_network_name] No name was given. Addressing all networks of default network_group: yolov5m-seg
[2025-11-18 14:07:48.195] [8829] [HailoRT] [info] [hef.cpp:1994] [get_network_group_and_network_name] No name was given. Addressing all networks of default network_group: yolov5m-seg
[2025-11-18 14:07:48.196] [8840] [HailoRT] [info] [hef.cpp:1994] [get_network_group_and_network_name] No name was given. Addressing all networks of default network_group: yolov5m-seg
